# JRE version: OpenJDK Runtime Environment Temurin-17.0.7+7 (17.0.7+7) (build 17.0.7+7)
# Java VM: OpenJDK 64-Bit Server VM Temurin-17.0.7+7 (17.0.7+7, mixed mode, emulated-client, tiered, compressed oops, compressed class ptrs, g1 gc, windows-amd64)
GC Precious Log:
 CPUs: 4 total, 4 available
 Memory: 8076M
 Large Page Support: Disabled
 NUMA Support: Disabled
 Compressed Oops: Enabled (32-bit)
 Heap Region Size: 1M
 Heap Min Capacity: 8M
 Heap Initial Capacity: 128M
 Heap Max Capacity: 1G
 Pre-touch: Disabled
 Parallel Workers: 4
 Concurrent Workers: 1
 Concurrent Refinement Workers: 4
 Periodic GC: Disabled
Heap:
 garbage-first heap   total 178176K, used 88258K [0x00000000c0000000, 0x0000000100000000)
  region size 1024K, 35 young (35840K), 3 survivors (3072K)
 Metaspace       used 44199K, committed 44672K, reserved 1114112K
  class space    used 5640K, committed 5888K, reserved 1048576K
GC Heap History (20 events):
Event: 24.843 GC heap before
{Heap before GC invocations=9 (full 0):
 garbage-first heap   total 55296K, used 36959K [0x00000000c0000000, 0x0000000100000000)
  region size 1024K, 20 young (20480K), 3 survivors (3072K)
 Metaspace       used 35968K, committed 36288K, reserved 1114112K
  class space    used 4634K, committed 4800K, reserved 1048576K
}
Event: 24.849 GC heap after
{Heap after GC invocations=10 (full 0):
 garbage-first heap   total 55296K, used 21638K [0x00000000c0000000, 0x0000000100000000)
  region size 1024K, 2 young (2048K), 2 survivors (2048K)
 Metaspace       used 35968K, committed 36288K, reserved 1114112K
  class space    used 4634K, committed 4800K, reserved 1048576K
}
Event: 25.602 GC heap before
{Heap before GC invocations=11 (full 0):
 garbage-first heap   total 55296K, used 40070K [0x00000000c0000000, 0x0000000100000000)
  region size 1024K, 20 young (20480K), 2 survivors (2048K)
 Metaspace       used 38882K, committed 39296K, reserved 1114112K
  class space    used 5087K, committed 5248K, reserved 1048576K
}
Event: 25.607 GC heap after
{Heap after GC invocations=12 (full 0):
 garbage-first heap   total 55296K, used 22952K [0x00000000c0000000, 0x0000000100000000)
  region size 1024K, 3 young (3072K), 3 survivors (3072K)
 Metaspace       used 38882K, committed 39296K, reserved 1114112K
  class space    used 5087K, committed 5248K, reserved 1048576K
}
Event: 25.694 GC heap before
{Heap before GC invocations=12 (full 0):
 garbage-first heap   total 55296K, used 39336K [0x00000000c0000000, 0x0000000100000000)
  region size 1024K, 20 young (20480K), 3 survivors (3072K)
 Metaspace       used 39093K, committed 39488K, reserved 1114112K
  class space    used 5125K, committed 5312K, reserved 1048576K
}
Event: 25.701 GC heap after
{Heap after GC invocations=13 (full 0):
 garbage-first heap   total 55296K, used 27420K [0x00000000c0000000, 0x0000000100000000)
  region size 1024K, 3 young (3072K), 3 survivors (3072K)
 Metaspace       used 39093K, committed 39488K, reserved 1114112K
  class space    used 5125K, committed 5312K, reserved 1048576K
}
Event: 25.806 GC heap before
{Heap before GC invocations=13 (full 0):
 garbage-first heap   total 55296K, used 39708K [0x00000000c0000000, 0x0000000100000000)
  region size 1024K, 16 young (16384K), 3 survivors (3072K)
 Metaspace       used 39200K, committed 39616K, reserved 1114112K
  class space    used 5144K, committed 5312K, reserved 1048576K
}
Event: 25.810 GC heap after
{Heap after GC invocations=14 (full 0):
 garbage-first heap   total 55296K, used 30095K [0x00000000c0000000, 0x0000000100000000)
  region size 1024K, 2 young (2048K), 2 survivors (2048K)
 Metaspace       used 39200K, committed 39616K, reserved 1114112K
  class space    used 5144K, committed 5312K, reserved 1048576K
}
Event: 25.884 GC heap before
{Heap before GC invocations=14 (full 0):
 garbage-first heap   total 55296K, used 40335K [0x00000000c0000000, 0x0000000100000000)
  region size 1024K, 13 young (13312K), 2 survivors (2048K)
 Metaspace       used 39547K, committed 39936K, reserved 1114112K
  class space    used 5186K, committed 5376K, reserved 1048576K
}
Event: 25.887 GC heap after
{Heap after GC invocations=15 (full 0):
 garbage-first heap   total 81920K, used 32390K [0x00000000c0000000, 0x0000000100000000)
  region size 1024K, 2 young (2048K), 2 survivors (2048K)
 Metaspace       used 39547K, committed 39936K, reserved 1114112K
  class space    used 5186K, committed 5376K, reserved 1048576K
}
Event: 26.077 GC heap before
{Heap before GC invocations=16 (full 0):
 garbage-first heap   total 81920K, used 57990K [0x00000000c0000000, 0x0000000100000000)
  region size 1024K, 28 young (28672K), 2 survivors (2048K)
 Metaspace       used 40257K, committed 40704K, reserved 1114112K
  class space    used 5259K, committed 5504K, reserved 1048576K
}
Event: 26.085 GC heap after
{Heap after GC invocations=17 (full 0):
 garbage-first heap   total 81920K, used 37069K [0x00000000c0000000, 0x0000000100000000)
  region size 1024K, 4 young (4096K), 4 survivors (4096K)
 Metaspace       used 40257K, committed 40704K, reserved 1114112K
  class space    used 5259K, committed 5504K, reserved 1048576K
}
Event: 26.171 GC heap before
{Heap before GC invocations=17 (full 0):
 garbage-first heap   total 81920K, used 60621K [0x00000000c0000000, 0x0000000100000000)
  region size 1024K, 27 young (27648K), 4 survivors (4096K)
 Metaspace       used 40827K, committed 41280K, reserved 1114112K
  class space    used 5321K, committed 5568K, reserved 1048576K
}
Event: 26.178 GC heap after
{Heap after GC invocations=18 (full 0):
 garbage-first heap   total 81920K, used 41270K [0x00000000c0000000, 0x0000000100000000)
  region size 1024K, 4 young (4096K), 4 survivors (4096K)
 Metaspace       used 40827K, committed 41280K, reserved 1114112K
  class space    used 5321K, committed 5568K, reserved 1048576K
}
Event: 26.254 GC heap before
{Heap before GC invocations=18 (full 0):
 garbage-first heap   total 81920K, used 61750K [0x00000000c0000000, 0x0000000100000000)
  region size 1024K, 25 young (25600K), 4 survivors (4096K)
 Metaspace       used 41356K, committed 41792K, reserved 1114112K
  class space    used 5349K, committed 5568K, reserved 1048576K
}
Event: 26.261 GC heap after
{Heap after GC invocations=19 (full 0):
 garbage-first heap   total 81920K, used 45034K [0x00000000c0000000, 0x0000000100000000)
  region size 1024K, 4 young (4096K), 4 survivors (4096K)
 Metaspace       used 41356K, committed 41792K, reserved 1114112K
  class space    used 5349K, committed 5568K, reserved 1048576K
}
Event: 26.331 GC heap before
{Heap before GC invocations=19 (full 0):
 garbage-first heap   total 81920K, used 62442K [0x00000000c0000000, 0x0000000100000000)
  region size 1024K, 22 young (22528K), 4 survivors (4096K)
 Metaspace       used 41831K, committed 42240K, reserved 1114112K
  class space    used 5370K, committed 5568K, reserved 1048576K
}
Event: 26.339 GC heap after
{Heap after GC invocations=20 (full 0):
 garbage-first heap   total 81920K, used 48633K [0x00000000c0000000, 0x0000000100000000)
  region size 1024K, 3 young (3072K), 3 survivors (3072K)
 Metaspace       used 41831K, committed 42240K, reserved 1114112K
  class space    used 5370K, committed 5568K, reserved 1048576K
}
Event: 26.391 GC heap before
{Heap before GC invocations=20 (full 0):
 garbage-first heap   total 89088K, used 62969K [0x00000000c0000000, 0x0000000100000000)
  region size 1024K, 18 young (18432K), 3 survivors (3072K)
 Metaspace       used 41832K, committed 42240K, reserved 1114112K
  class space    used 5370K, committed 5568K, reserved 1048576K
}
Event: 26.404 GC heap after
{Heap after GC invocations=21 (full 0):
 garbage-first heap   total 178176K, used 55490K [0x00000000c0000000, 0x0000000100000000)
  region size 1024K, 3 young (3072K), 3 survivors (3072K)
 Metaspace       used 41832K, committed 42240K, reserved 1114112K
  class space    used 5370K, committed 5568K, reserved 1048576K
}

