# JRE version: OpenJDK Runtime Environment Temurin-17.0.7+7 (17.0.7+7) (build 17.0.7+7)
# Java VM: OpenJDK 64-Bit Server VM Temurin-17.0.7+7 (17.0.7+7, mixed mode, tiered, compressed oops, compressed class ptrs, parallel gc, windows-amd64)
GC Precious Log:
 CPUs: 4 total, 4 available
 Memory: 8076M
 Large Page Support: Disabled
 NUMA Support: Disabled
 Compressed Oops: Enabled (32-bit)
 Alignments: Space 512K, Generation 512K, Heap 2M
 Heap Min Capacity: 100M
 Heap Initial Capacity: 100M
 Heap Max Capacity: 1G
 Pre-touch: Disabled
 Parallel Workers: 4
Heap:
 PSYoungGen      total 18944K, used 11240K [0x00000000eab00000, 0x00000000ec180000, 0x0000000100000000)
  eden space 17920K, 57% used [0x00000000eab00000,0x00000000eb4fcf90,0x00000000ebc80000)
  from space 1024K, 98% used [0x00000000ebf00000,0x00000000ebffd200,0x00000000ec000000)
  to   space 1536K, 0% used [0x00000000ec000000,0x00000000ec000000,0x00000000ec180000)
 ParOldGen       total 68608K, used 44589K [0x00000000c0000000, 0x00000000c4300000, 0x00000000eab00000)
  object space 68608K, 64% used [0x00000000c0000000,0x00000000c2b8b510,0x00000000c4300000)
 Metaspace       used 66407K, committed 67584K, reserved 1114112K
  class space    used 7192K, committed 7680K, reserved 1048576K
GC Heap History (20 events):
Event: 30.410 GC heap before
{Heap before GC invocations=33 (full 3):
 PSYoungGen      total 20992K, used 19655K [0x00000000eab00000, 0x00000000ec200000, 0x0000000100000000)
  eden space 19456K, 99% used [0x00000000eab00000,0x00000000ebdd9c10,0x00000000ebe00000)
  from space 1536K, 22% used [0x00000000ebf00000,0x00000000ebf58000,0x00000000ec080000)
  to   space 1024K, 0% used [0x00000000ec100000,0x00000000ec100000,0x00000000ec200000)
 ParOldGen       total 68608K, used 35232K [0x00000000c0000000, 0x00000000c4300000, 0x00000000eab00000)
  object space 68608K, 51% used [0x00000000c0000000,0x00000000c2268100,0x00000000c4300000)
 Metaspace       used 60604K, committed 61696K, reserved 1114112K
  class space    used 6682K, committed 7104K, reserved 1048576K
}
Event: 30.412 GC heap after
{Heap after GC invocations=33 (full 3):
 PSYoungGen      total 20480K, used 998K [0x00000000eab00000, 0x00000000ec200000, 0x0000000100000000)
  eden space 19456K, 0% used [0x00000000eab00000,0x00000000eab00000,0x00000000ebe00000)
  from space 1024K, 97% used [0x00000000ec100000,0x00000000ec1f9a88,0x00000000ec200000)
  to   space 2048K, 0% used [0x00000000ebe00000,0x00000000ebe00000,0x00000000ec000000)
 ParOldGen       total 68608K, used 35689K [0x00000000c0000000, 0x00000000c4300000, 0x00000000eab00000)
  object space 68608K, 52% used [0x00000000c0000000,0x00000000c22da580,0x00000000c4300000)
 Metaspace       used 60604K, committed 61696K, reserved 1114112K
  class space    used 6682K, committed 7104K, reserved 1048576K
}
Event: 30.586 GC heap before
{Heap before GC invocations=34 (full 3):
 PSYoungGen      total 20480K, used 20454K [0x00000000eab00000, 0x00000000ec200000, 0x0000000100000000)
  eden space 19456K, 100% used [0x00000000eab00000,0x00000000ebe00000,0x00000000ebe00000)
  from space 1024K, 97% used [0x00000000ec100000,0x00000000ec1f9a88,0x00000000ec200000)
  to   space 2048K, 0% used [0x00000000ebe00000,0x00000000ebe00000,0x00000000ec000000)
 ParOldGen       total 68608K, used 35689K [0x00000000c0000000, 0x00000000c4300000, 0x00000000eab00000)
  object space 68608K, 52% used [0x00000000c0000000,0x00000000c22da580,0x00000000c4300000)
 Metaspace       used 60622K, committed 61696K, reserved 1114112K
  class space    used 6682K, committed 7104K, reserved 1048576K
}
Event: 30.589 GC heap after
{Heap after GC invocations=34 (full 3):
 PSYoungGen      total 21504K, used 877K [0x00000000eab00000, 0x00000000ec180000, 0x0000000100000000)
  eden space 19456K, 0% used [0x00000000eab00000,0x00000000eab00000,0x00000000ebe00000)
  from space 2048K, 42% used [0x00000000ebe00000,0x00000000ebedb4f0,0x00000000ec000000)
  to   space 1536K, 0% used [0x00000000ec000000,0x00000000ec000000,0x00000000ec180000)
 ParOldGen       total 68608K, used 36171K [0x00000000c0000000, 0x00000000c4300000, 0x00000000eab00000)
  object space 68608K, 52% used [0x00000000c0000000,0x00000000c2352e80,0x00000000c4300000)
 Metaspace       used 60622K, committed 61696K, reserved 1114112K
  class space    used 6682K, committed 7104K, reserved 1048576K
}
Event: 30.956 GC heap before
{Heap before GC invocations=35 (full 3):
 PSYoungGen      total 21504K, used 20333K [0x00000000eab00000, 0x00000000ec180000, 0x0000000100000000)
  eden space 19456K, 100% used [0x00000000eab00000,0x00000000ebe00000,0x00000000ebe00000)
  from space 2048K, 42% used [0x00000000ebe00000,0x00000000ebedb4f0,0x00000000ec000000)
  to   space 1536K, 0% used [0x00000000ec000000,0x00000000ec000000,0x00000000ec180000)
 ParOldGen       total 68608K, used 36171K [0x00000000c0000000, 0x00000000c4300000, 0x00000000eab00000)
  object space 68608K, 52% used [0x00000000c0000000,0x00000000c2352e80,0x00000000c4300000)
 Metaspace       used 63136K, committed 64192K, reserved 1114112K
  class space    used 6916K, committed 7360K, reserved 1048576K
}
Event: 30.959 GC heap after
{Heap after GC invocations=35 (full 3):
 PSYoungGen      total 20480K, used 833K [0x00000000eab00000, 0x00000000ec100000, 0x0000000100000000)
  eden space 19456K, 0% used [0x00000000eab00000,0x00000000eab00000,0x00000000ebe00000)
  from space 1024K, 81% used [0x00000000ec000000,0x00000000ec0d0700,0x00000000ec100000)
  to   space 1024K, 0% used [0x00000000ebf00000,0x00000000ebf00000,0x00000000ec000000)
 ParOldGen       total 68608K, used 36187K [0x00000000c0000000, 0x00000000c4300000, 0x00000000eab00000)
  object space 68608K, 52% used [0x00000000c0000000,0x00000000c2356e80,0x00000000c4300000)
 Metaspace       used 63136K, committed 64192K, reserved 1114112K
  class space    used 6916K, committed 7360K, reserved 1048576K
}
Event: 31.087 GC heap before
{Heap before GC invocations=36 (full 3):
 PSYoungGen      total 20480K, used 20289K [0x00000000eab00000, 0x00000000ec100000, 0x0000000100000000)
  eden space 19456K, 100% used [0x00000000eab00000,0x00000000ebe00000,0x00000000ebe00000)
  from space 1024K, 81% used [0x00000000ec000000,0x00000000ec0d0700,0x00000000ec100000)
  to   space 1024K, 0% used [0x00000000ebf00000,0x00000000ebf00000,0x00000000ec000000)
 ParOldGen       total 68608K, used 36187K [0x00000000c0000000, 0x00000000c4300000, 0x00000000eab00000)
  object space 68608K, 52% used [0x00000000c0000000,0x00000000c2356e80,0x00000000c4300000)
 Metaspace       used 63408K, committed 64576K, reserved 1114112K
  class space    used 6937K, committed 7424K, reserved 1048576K
}
Event: 31.090 GC heap after
{Heap after GC invocations=36 (full 3):
 PSYoungGen      total 20480K, used 800K [0x00000000eab00000, 0x00000000ec080000, 0x0000000100000000)
  eden space 19456K, 0% used [0x00000000eab00000,0x00000000eab00000,0x00000000ebe00000)
  from space 1024K, 78% used [0x00000000ebf00000,0x00000000ebfc8000,0x00000000ec000000)
  to   space 512K, 0% used [0x00000000ec000000,0x00000000ec000000,0x00000000ec080000)
 ParOldGen       total 68608K, used 36925K [0x00000000c0000000, 0x00000000c4300000, 0x00000000eab00000)
  object space 68608K, 53% used [0x00000000c0000000,0x00000000c240f740,0x00000000c4300000)
 Metaspace       used 63408K, committed 64576K, reserved 1114112K
  class space    used 6937K, committed 7424K, reserved 1048576K
}
Event: 31.362 GC heap before
{Heap before GC invocations=37 (full 3):
 PSYoungGen      total 20480K, used 20155K [0x00000000eab00000, 0x00000000ec080000, 0x0000000100000000)
  eden space 19456K, 99% used [0x00000000eab00000,0x00000000ebde6d28,0x00000000ebe00000)
  from space 1024K, 78% used [0x00000000ebf00000,0x00000000ebfc8000,0x00000000ec000000)
  to   space 512K, 0% used [0x00000000ec000000,0x00000000ec000000,0x00000000ec080000)
 ParOldGen       total 68608K, used 36925K [0x00000000c0000000, 0x00000000c4300000, 0x00000000eab00000)
  object space 68608K, 53% used [0x00000000c0000000,0x00000000c240f740,0x00000000c4300000)
 Metaspace       used 64310K, committed 65472K, reserved 1114112K
  class space    used 7027K, committed 7488K, reserved 1048576K
}
Event: 31.366 GC heap after
{Heap after GC invocations=37 (full 3):
 PSYoungGen      total 18432K, used 510K [0x00000000eab00000, 0x00000000ec500000, 0x0000000100000000)
  eden space 17920K, 0% used [0x00000000eab00000,0x00000000eab00000,0x00000000ebc80000)
  from space 512K, 99% used [0x00000000ec000000,0x00000000ec07f9a8,0x00000000ec080000)
  to   space 3584K, 0% used [0x00000000ebc80000,0x00000000ebc80000,0x00000000ec000000)
 ParOldGen       total 68608K, used 39190K [0x00000000c0000000, 0x00000000c4300000, 0x00000000eab00000)
  object space 68608K, 57% used [0x00000000c0000000,0x00000000c2645ad0,0x00000000c4300000)
 Metaspace       used 64310K, committed 65472K, reserved 1114112K
  class space    used 7027K, committed 7488K, reserved 1048576K
}
Event: 31.891 GC heap before
{Heap before GC invocations=38 (full 3):
 PSYoungGen      total 18432K, used 18430K [0x00000000eab00000, 0x00000000ec500000, 0x0000000100000000)
  eden space 17920K, 100% used [0x00000000eab00000,0x00000000ebc80000,0x00000000ebc80000)
  from space 512K, 99% used [0x00000000ec000000,0x00000000ec07f9a8,0x00000000ec080000)
  to   space 3584K, 0% used [0x00000000ebc80000,0x00000000ebc80000,0x00000000ec000000)
 ParOldGen       total 68608K, used 39190K [0x00000000c0000000, 0x00000000c4300000, 0x00000000eab00000)
  object space 68608K, 57% used [0x00000000c0000000,0x00000000c2645ad0,0x00000000c4300000)
 Metaspace       used 65138K, committed 66240K, reserved 1114112K
  class space    used 7104K, committed 7552K, reserved 1048576K
}
Event: 31.895 GC heap after
{Heap after GC invocations=38 (full 3):
 PSYoungGen      total 21504K, used 3575K [0x00000000eab00000, 0x00000000ec480000, 0x0000000100000000)
  eden space 17920K, 0% used [0x00000000eab00000,0x00000000eab00000,0x00000000ebc80000)
  from space 3584K, 99% used [0x00000000ebc80000,0x00000000ebffdd70,0x00000000ec000000)
  to   space 4096K, 0% used [0x00000000ec080000,0x00000000ec080000,0x00000000ec480000)
 ParOldGen       total 68608K, used 39712K [0x00000000c0000000, 0x00000000c4300000, 0x00000000eab00000)
  object space 68608K, 57% used [0x00000000c0000000,0x00000000c26c8040,0x00000000c4300000)
 Metaspace       used 65138K, committed 66240K, reserved 1114112K
  class space    used 7104K, committed 7552K, reserved 1048576K
}
Event: 32.616 GC heap before
{Heap before GC invocations=39 (full 3):
 PSYoungGen      total 21504K, used 21495K [0x00000000eab00000, 0x00000000ec480000, 0x0000000100000000)
  eden space 17920K, 100% used [0x00000000eab00000,0x00000000ebc80000,0x00000000ebc80000)
  from space 3584K, 99% used [0x00000000ebc80000,0x00000000ebffdd70,0x00000000ec000000)
  to   space 4096K, 0% used [0x00000000ec080000,0x00000000ec080000,0x00000000ec480000)
 ParOldGen       total 68608K, used 39712K [0x00000000c0000000, 0x00000000c4300000, 0x00000000eab00000)
  object space 68608K, 57% used [0x00000000c0000000,0x00000000c26c8040,0x00000000c4300000)
 Metaspace       used 65855K, committed 67008K, reserved 1114112K
  class space    used 7151K, committed 7616K, reserved 1048576K
}
Event: 32.621 GC heap after
{Heap after GC invocations=39 (full 3):
 PSYoungGen      total 18944K, used 544K [0x00000000eab00000, 0x00000000ec180000, 0x0000000100000000)
  eden space 17920K, 0% used [0x00000000eab00000,0x00000000eab00000,0x00000000ebc80000)
  from space 1024K, 53% used [0x00000000ec080000,0x00000000ec108000,0x00000000ec180000)
  to   space 2048K, 0% used [0x00000000ebd80000,0x00000000ebd80000,0x00000000ebf80000)
 ParOldGen       total 68608K, used 43168K [0x00000000c0000000, 0x00000000c4300000, 0x00000000eab00000)
  object space 68608K, 62% used [0x00000000c0000000,0x00000000c2a281d8,0x00000000c4300000)
 Metaspace       used 65855K, committed 67008K, reserved 1114112K
  class space    used 7151K, committed 7616K, reserved 1048576K
}
Event: 33.063 GC heap before
{Heap before GC invocations=40 (full 3):
 PSYoungGen      total 18944K, used 18398K [0x00000000eab00000, 0x00000000ec180000, 0x0000000100000000)
  eden space 17920K, 99% used [0x00000000eab00000,0x00000000ebc6fa20,0x00000000ebc80000)
  from space 1024K, 53% used [0x00000000ec080000,0x00000000ec108000,0x00000000ec180000)
  to   space 2048K, 0% used [0x00000000ebd80000,0x00000000ebd80000,0x00000000ebf80000)
 ParOldGen       total 68608K, used 43168K [0x00000000c0000000, 0x00000000c4300000, 0x00000000eab00000)
  object space 68608K, 62% used [0x00000000c0000000,0x00000000c2a281d8,0x00000000c4300000)
 Metaspace       used 65915K, committed 67072K, reserved 1114112K
  class space    used 7155K, committed 7616K, reserved 1048576K
}
Event: 33.064 GC heap after
{Heap after GC invocations=40 (full 3):
 PSYoungGen      total 19968K, used 448K [0x00000000eab00000, 0x00000000ec100000, 0x0000000100000000)
  eden space 17920K, 0% used [0x00000000eab00000,0x00000000eab00000,0x00000000ebc80000)
  from space 2048K, 21% used [0x00000000ebd80000,0x00000000ebdf0000,0x00000000ebf80000)
  to   space 1024K, 0% used [0x00000000ec000000,0x00000000ec000000,0x00000000ec100000)
 ParOldGen       total 68608K, used 43541K [0x00000000c0000000, 0x00000000c4300000, 0x00000000eab00000)
  object space 68608K, 63% used [0x00000000c0000000,0x00000000c2a854a0,0x00000000c4300000)
 Metaspace       used 65915K, committed 67072K, reserved 1114112K
  class space    used 7155K, committed 7616K, reserved 1048576K
}
Event: 33.517 GC heap before
{Heap before GC invocations=41 (full 3):
 PSYoungGen      total 19968K, used 18368K [0x00000000eab00000, 0x00000000ec100000, 0x0000000100000000)
  eden space 17920K, 100% used [0x00000000eab00000,0x00000000ebc80000,0x00000000ebc80000)
  from space 2048K, 21% used [0x00000000ebd80000,0x00000000ebdf0000,0x00000000ebf80000)
  to   space 1024K, 0% used [0x00000000ec000000,0x00000000ec000000,0x00000000ec100000)
 ParOldGen       total 68608K, used 43541K [0x00000000c0000000, 0x00000000c4300000, 0x00000000eab00000)
  object space 68608K, 63% used [0x00000000c0000000,0x00000000c2a854a0,0x00000000c4300000)
 Metaspace       used 66140K, committed 67328K, reserved 1114112K
  class space    used 7170K, committed 7680K, reserved 1048576K
}
Event: 33.519 GC heap after
{Heap after GC invocations=41 (full 3):
 PSYoungGen      total 18944K, used 639K [0x00000000eab00000, 0x00000000ec100000, 0x0000000100000000)
  eden space 17920K, 0% used [0x00000000eab00000,0x00000000eab00000,0x00000000ebc80000)
  from space 1024K, 62% used [0x00000000ec000000,0x00000000ec09fc40,0x00000000ec100000)
  to   space 1024K, 0% used [0x00000000ebf00000,0x00000000ebf00000,0x00000000ec000000)
 ParOldGen       total 68608K, used 43749K [0x00000000c0000000, 0x00000000c4300000, 0x00000000eab00000)
  object space 68608K, 63% used [0x00000000c0000000,0x00000000c2ab94a0,0x00000000c4300000)
 Metaspace       used 66140K, committed 67328K, reserved 1114112K
  class space    used 7170K, committed 7680K, reserved 1048576K
}
Event: 33.810 GC heap before
{Heap before GC invocations=42 (full 3):
 PSYoungGen      total 18944K, used 18559K [0x00000000eab00000, 0x00000000ec100000, 0x0000000100000000)
  eden space 17920K, 100% used [0x00000000eab00000,0x00000000ebc80000,0x00000000ebc80000)
  from space 1024K, 62% used [0x00000000ec000000,0x00000000ec09fc40,0x00000000ec100000)
  to   space 1024K, 0% used [0x00000000ebf00000,0x00000000ebf00000,0x00000000ec000000)
 ParOldGen       total 68608K, used 43749K [0x00000000c0000000, 0x00000000c4300000, 0x00000000eab00000)
  object space 68608K, 63% used [0x00000000c0000000,0x00000000c2ab94a0,0x00000000c4300000)
 Metaspace       used 66229K, committed 67456K, reserved 1114112K
  class space    used 7178K, committed 7680K, reserved 1048576K
}
Event: 33.815 GC heap after
{Heap after GC invocations=42 (full 3):
 PSYoungGen      total 18944K, used 1012K [0x00000000eab00000, 0x00000000ec180000, 0x0000000100000000)
  eden space 17920K, 0% used [0x00000000eab00000,0x00000000eab00000,0x00000000ebc80000)
  from space 1024K, 98% used [0x00000000ebf00000,0x00000000ebffd200,0x00000000ec000000)
  to   space 1536K, 0% used [0x00000000ec000000,0x00000000ec000000,0x00000000ec180000)
 ParOldGen       total 68608K, used 44589K [0x00000000c0000000, 0x00000000c4300000, 0x00000000eab00000)
  object space 68608K, 64% used [0x00000000c0000000,0x00000000c2b8b510,0x00000000c4300000)
 Metaspace       used 66229K, committed 67456K, reserved 1114112K
  class space    used 7178K, committed 7680K, reserved 1048576K
}

