# JRE version: OpenJDK Runtime Environment Temurin-17.0.7+7 (17.0.7+7) (build 17.0.7+7)
# Java VM: OpenJDK 64-Bit Server VM Temurin-17.0.7+7 (17.0.7+7, mixed mode, emulated-client, tiered, compressed oops, compressed class ptrs, g1 gc, windows-amd64)
GC Precious Log:
 CPUs: 4 total, 4 available
 Memory: 8076M
 Large Page Support: Disabled
 NUMA Support: Disabled
 Compressed Oops: Enabled (32-bit)
 Heap Region Size: 1M
 Heap Min Capacity: 8M
 Heap Initial Capacity: 128M
 Heap Max Capacity: 1G
 Pre-touch: Disabled
 Parallel Workers: 4
 Concurrent Workers: 1
 Concurrent Refinement Workers: 4
 Periodic GC: Disabled
Heap:
 garbage-first heap   total 131072K, used 66724K [0x00000000c0000000, 0x0000000100000000)
  region size 1024K, 1 young (1024K), 1 survivors (1024K)
 Metaspace       used 45359K, committed 45888K, reserved 1114112K
  class space    used 5731K, committed 5952K, reserved 1048576K
GC Heap History (20 events):
Event: 5.234 GC heap after
{Heap after GC invocations=11 (full 0):
 garbage-first heap   total 66560K, used 24407K [0x00000000c0000000, 0x0000000100000000)
  region size 1024K, 4 young (4096K), 4 survivors (4096K)
 Metaspace       used 39102K, committed 39552K, reserved 1114112K
  class space    used 5125K, committed 5312K, reserved 1048576K
}
Event: 5.353 GC heap before
{Heap before GC invocations=11 (full 0):
 garbage-first heap   total 66560K, used 47959K [0x00000000c0000000, 0x0000000100000000)
  region size 1024K, 28 young (28672K), 4 survivors (4096K)
 Metaspace       used 39229K, committed 39616K, reserved 1114112K
  class space    used 5150K, committed 5312K, reserved 1048576K
}
Event: 5.359 GC heap after
{Heap after GC invocations=12 (full 0):
 garbage-first heap   total 66560K, used 29510K [0x00000000c0000000, 0x0000000100000000)
  region size 1024K, 4 young (4096K), 4 survivors (4096K)
 Metaspace       used 39229K, committed 39616K, reserved 1114112K
  class space    used 5150K, committed 5312K, reserved 1048576K
}
Event: 5.460 GC heap before
{Heap before GC invocations=12 (full 0):
 garbage-first heap   total 66560K, used 47942K [0x00000000c0000000, 0x0000000100000000)
  region size 1024K, 23 young (23552K), 4 survivors (4096K)
 Metaspace       used 39626K, committed 40000K, reserved 1114112K
  class space    used 5195K, committed 5376K, reserved 1048576K
}
Event: 5.465 GC heap after
{Heap after GC invocations=13 (full 0):
 garbage-first heap   total 66560K, used 34102K [0x00000000c0000000, 0x0000000100000000)
  region size 1024K, 3 young (3072K), 3 survivors (3072K)
 Metaspace       used 39626K, committed 40000K, reserved 1114112K
  class space    used 5195K, committed 5376K, reserved 1048576K
}
Event: 5.543 GC heap before
{Heap before GC invocations=13 (full 0):
 garbage-first heap   total 66560K, used 48438K [0x00000000c0000000, 0x0000000100000000)
  region size 1024K, 18 young (18432K), 3 survivors (3072K)
 Metaspace       used 40154K, committed 40576K, reserved 1114112K
  class space    used 5246K, committed 5440K, reserved 1048576K
}
Event: 5.548 GC heap after
{Heap after GC invocations=14 (full 0):
 garbage-first heap   total 66560K, used 37221K [0x00000000c0000000, 0x0000000100000000)
  region size 1024K, 3 young (3072K), 3 survivors (3072K)
 Metaspace       used 40154K, committed 40576K, reserved 1114112K
  class space    used 5246K, committed 5440K, reserved 1048576K
}
Event: 5.606 GC heap before
{Heap before GC invocations=14 (full 0):
 garbage-first heap   total 66560K, used 50533K [0x00000000c0000000, 0x0000000100000000)
  region size 1024K, 16 young (16384K), 3 survivors (3072K)
 Metaspace       used 40451K, committed 40896K, reserved 1114112K
  class space    used 5282K, committed 5504K, reserved 1048576K
}
Event: 5.610 GC heap after
{Heap after GC invocations=15 (full 0):
 garbage-first heap   total 96256K, used 39117K [0x00000000c0000000, 0x0000000100000000)
  region size 1024K, 2 young (2048K), 2 survivors (2048K)
 Metaspace       used 40451K, committed 40896K, reserved 1114112K
  class space    used 5282K, committed 5504K, reserved 1048576K
}
Event: 5.694 GC heap before
{Heap before GC invocations=16 (full 0):
 garbage-first heap   total 96256K, used 68813K [0x00000000c0000000, 0x0000000100000000)
  region size 1024K, 32 young (32768K), 2 survivors (2048K)
 Metaspace       used 41187K, committed 41664K, reserved 1114112K
  class space    used 5346K, committed 5568K, reserved 1048576K
}
Event: 5.701 GC heap after
{Heap after GC invocations=17 (full 0):
 garbage-first heap   total 96256K, used 43718K [0x00000000c0000000, 0x0000000100000000)
  region size 1024K, 4 young (4096K), 4 survivors (4096K)
 Metaspace       used 41187K, committed 41664K, reserved 1114112K
  class space    used 5346K, committed 5568K, reserved 1048576K
}
Event: 5.703 GC heap before
{Heap before GC invocations=17 (full 0):
 garbage-first heap   total 96256K, used 44742K [0x00000000c0000000, 0x0000000100000000)
  region size 1024K, 5 young (5120K), 4 survivors (4096K)
 Metaspace       used 41187K, committed 41664K, reserved 1114112K
  class space    used 5346K, committed 5568K, reserved 1048576K
}
Event: 5.707 GC heap after
{Heap after GC invocations=18 (full 0):
 garbage-first heap   total 96256K, used 44226K [0x00000000c0000000, 0x0000000100000000)
  region size 1024K, 1 young (1024K), 1 survivors (1024K)
 Metaspace       used 41187K, committed 41664K, reserved 1114112K
  class space    used 5346K, committed 5568K, reserved 1048576K
}
Event: 5.770 GC heap before
{Heap before GC invocations=18 (full 0):
 garbage-first heap   total 96256K, used 70850K [0x00000000c0000000, 0x0000000100000000)
  region size 1024K, 28 young (28672K), 1 survivors (1024K)
 Metaspace       used 41826K, committed 42240K, reserved 1114112K
  class space    used 5368K, committed 5568K, reserved 1048576K
}
Event: 5.777 GC heap after
{Heap after GC invocations=19 (full 0):
 garbage-first heap   total 96256K, used 50925K [0x00000000c0000000, 0x0000000100000000)
  region size 1024K, 4 young (4096K), 4 survivors (4096K)
 Metaspace       used 41826K, committed 42240K, reserved 1114112K
  class space    used 5368K, committed 5568K, reserved 1048576K
}
Event: 5.909 GC heap before
{Heap before GC invocations=19 (full 0):
 garbage-first heap   total 117760K, used 71405K [0x00000000c0000000, 0x0000000100000000)
  region size 1024K, 25 young (25600K), 4 survivors (4096K)
 Metaspace       used 42467K, committed 42944K, reserved 1114112K
  class space    used 5436K, committed 5632K, reserved 1048576K
}
Event: 5.921 GC heap after
{Heap after GC invocations=20 (full 0):
 garbage-first heap   total 117760K, used 57896K [0x00000000c0000000, 0x0000000100000000)
  region size 1024K, 4 young (4096K), 4 survivors (4096K)
 Metaspace       used 42467K, committed 42944K, reserved 1114112K
  class space    used 5436K, committed 5632K, reserved 1048576K
}
Event: 6.150 GC heap before
{Heap before GC invocations=21 (full 0):
 garbage-first heap   total 117760K, used 87592K [0x00000000c0000000, 0x0000000100000000)
  region size 1024K, 32 young (32768K), 4 survivors (4096K)
 Metaspace       used 45276K, committed 45760K, reserved 1114112K
  class space    used 5724K, committed 5952K, reserved 1048576K
}
Event: 6.158 GC heap after
{Heap after GC invocations=22 (full 0):
 garbage-first heap   total 117760K, used 65813K [0x00000000c0000000, 0x0000000100000000)
  region size 1024K, 4 young (4096K), 4 survivors (4096K)
 Metaspace       used 45276K, committed 45760K, reserved 1114112K
  class space    used 5724K, committed 5952K, reserved 1048576K
}
Event: 6.165 GC heap before
{Heap before GC invocations=22 (full 0):
 garbage-first heap   total 117760K, used 66837K [0x00000000c0000000, 0x0000000100000000)
  region size 1024K, 5 young (5120K), 4 survivors (4096K)
 Metaspace       used 45359K, committed 45888K, reserved 1114112K
  class space    used 5731K, committed 5952K, reserved 1048576K
}

